
--- 2026-04-27T16:12:12.805Z ---
MESSAGES: [
  {
    "role": "user",
    "content": [
      {
        "type": "text",
        "text": "_Di chuyển task Khởi tạo hệ thống AI sang cột Done_"
      }
    ]
  }
]

--- 2026-04-27T16:13:27.587Z ---
MESSAGES: [
  {
    "role": "user",
    "content": [
      {
        "type": "text",
        "text": "_Di chuyển task Khởi tạo hệ thống AI sang cột Done_"
      }
    ]
  }
]
TOOL search_tasks RESULT: []

--- 2026-04-27T16:14:51.463Z ---
MESSAGES: [
  {
    "role": "user",
    "content": [
      {
        "type": "text",
        "text": "Di chuyển task Khởi tạo hệ thống AI sang cột Done"
      }
    ]
  }
]
TOOL search_tasks RESULT: []

--- 2026-04-27T16:15:22.805Z ---
MESSAGES: [
  {
    "role": "user",
    "content": [
      {
        "type": "text",
        "text": "Di chuyển task Khởi tạo hệ thống AI sang cột Done"
      }
    ]
  }
]
CRITICAL ERROR: result.toDataStreamResponse is not a function
TOOL search_tasks RESULT: []

--- 2026-04-27T16:16:21.637Z ---
MESSAGES: [
  {
    "role": "user",
    "content": [
      {
        "type": "text",
        "text": "_Di chuyển task Khởi tạo hệ thống AI sang cột Done_"
      }
    ]
  }
]
CRITICAL ERROR: result.toDataStreamResponse is not a function

--- 2026-04-27T16:18:46.994Z ---
MESSAGES: [
  {
    "role": "user",
    "content": [
      {
        "type": "text",
        "text": "_Di chuyển task Khởi tạo hệ thống AI sang cột Done_"
      }
    ]
  }
]

--- 2026-04-27T16:19:38.093Z ---
MESSAGES: [
  {
    "role": "user",
    "content": [
      {
        "type": "text",
        "text": "Di chuyển task Khởi tạo hệ thống AI sang cột Done"
      }
    ]
  }
]

--- 2026-04-27T16:20:10.788Z ---
MESSAGES: [
  {
    "role": "user",
    "content": [
      {
        "type": "text",
        "text": "Di chuyển task Khởi tạo hệ thống AI sang cột Done"
      }
    ]
  }
]
TOOL search_tasks RESULT: []

--- 2026-04-27T16:22:14.467Z ---
MESSAGES: [
  {
    "role": "user",
    "content": [
      {
        "type": "text",
        "text": "Di chuyển task Khởi tạo hệ thống AI sang cột Done"
      }
    ]
  }
]
TOOL search_tasks RESULT for query "": [{"id":"ac07a7e1-da8f-4d02-b6ad-6af197cb09db","column_id":"665c1541-e5eb-4648-8789-8e6259de3390","project_id":"00000000-0000-0000-0000-000000000000","title":"Khởi tạo hệ thống AI","description":null,"order_index":0,"assignee_id":null,"priority":"urgent","end_date":null,"metadata":{},"created_at":"2026-04-27T15:36:56.788754+00:00","updated_at":"2026-04-27T15:36:56.788754+00:00","columns":{"title":"In Progress"}},{"id":"42efe3a3-3d2c-43bf-875b-b44d2fc62430","column_id":"e1482897-21e8-4b1c-828a-accc17f9c291","project_id":"00000000-0000-0000-0000-000000000000","title":"Thiết kế giao diện Board","description":null,"order_index":0,"assignee_id":null,"priority":"high","end_date":null,"metadata":{},"created_at":"2026-04-27T15:36:56.788754+00:00","updated_at":"2026-04-27T15:36:56.788754+00:00","columns":{"title":"To Do"}}]

--- 2026-04-27T16:24:30.083Z ---
MESSAGES: [
  {
    "role": "user",
    "content": [
      {
        "type": "text",
        "text": "_Di chuyển task Khởi tạo hệ thống AI sang cột Done_"
      }
    ]
  }
]

--- 2026-04-27T16:28:33.167Z ---
MESSAGES: {}

--- 2026-04-27T16:29:24.135Z ---
TRANSFORMED: [
  {
    "role": "user",
    "content": [
      {
        "type": "text",
        "text": "_Di chuyển task Khởi tạo hệ thống AI sang cột Done_"
      }
    ]
  }
]
SEARCH [undefined] -> 0 found

--- 2026-04-27T16:30:31.231Z ---
TRANSFORMED: [
  {
    "role": "user",
    "content": [
      {
        "type": "text",
        "text": "Hello, are you there?"
      }
    ]
  }
]

--- 2026-04-27T16:32:01.775Z ---
TRANSFORMED: [
  {
    "role": "user",
    "content": [
      {
        "type": "text",
        "text": "Hello, are you there?"
      }
    ]
  }
]
RESULT KEYS: _totalUsage, _finishReason, _rawFinishReason, _steps, outputSpecification, includeRawChunks, tools, addStream, closeStream, baseStream

--- 2026-04-27T16:33:09.845Z ---
TRANSFORMED: [
  {
    "role": "user",
    "content": [
      {
        "type": "text",
        "text": "_Di chuyển task Khởi tạo hệ thống AI sang cột Done_"
      }
    ]
  }
]
RESULT KEYS: _totalUsage, _finishReason, _rawFinishReason, _steps, outputSpecification, includeRawChunks, tools, addStream, closeStream, baseStream
SEARCH [undefined] -> 0 found

--- 2026-04-27T16:34:47.505Z ---
TRANSFORMED: [
  {
    "role": "user",
    "content": [
      {
        "type": "text",
        "text": "_Di chuyển task Khởi tạo hệ thống AI sang cột Done_"
      }
    ]
  }
]
RESULT KEYS: _totalUsage, _finishReason, _rawFinishReason, _steps, outputSpecification, includeRawChunks, tools, addStream, closeStream, baseStream
SEARCH [undefined] -> 0 found

--- 2026-04-27T16:36:41.034Z ---
TRANSFORMED: [
  {
    "role": "user",
    "content": [
      {
        "type": "text",
        "text": "Di chuyển task Khởi tạo sang Done"
      }
    ]
  }
]
RESULT KEYS: _totalUsage, _finishReason, _rawFinishReason, _steps, outputSpecification, includeRawChunks, tools, addStream, closeStream, baseStream
TOOL search_tasks ARGS: {} -> 2 found
--- API START V4 (2026-04-27T16:37:30.642Z) ---
TRANSFORMED: [
  {
    "role": "user",
    "content": [
      {
        "type": "text",
        "text": "_Di chuyển task Khởi tạo hệ thống AI sang cột Done_"
      }
    ]
  }
]
RESULT KEYS: _totalUsage, _finishReason, _rawFinishReason, _steps, outputSpecification, includeRawChunks, tools, addStream, closeStream, baseStream
TOOL search_tasks ARGS: {} -> 2 found
--- API START V6 (2026-04-27T16:42:16.264Z) ---
CORE MESSAGES: {}
RESULT KEYS: _totalUsage, _finishReason, _rawFinishReason, _steps, outputSpecification, includeRawChunks, tools, addStream, closeStream, baseStream
--- API START V6 (2026-04-27T16:43:19.509Z) ---
CORE MESSAGES: [
  {
    "role": "user",
    "content": [
      {
        "type": "text",
        "text": "_Di chuyển task Khởi tạo hệ thống AI sang cột Done_"
      }
    ]
  }
]
RESULT KEYS: _totalUsage, _finishReason, _rawFinishReason, _steps, outputSpecification, includeRawChunks, tools, addStream, closeStream, baseStream
TOOL search_tasks ARGS: {} -> 2 found
--- API START V6 (2026-04-27T16:44:14.915Z) ---
CORE MESSAGES: [
  {
    "role": "user",
    "content": [
      {
        "type": "text",
        "text": "_Di chuyển task Khởi tạo hệ thống AI sang cột Done_"
      }
    ]
  }
]
RESULT KEYS: _totalUsage, _finishReason, _rawFinishReason, _steps, outputSpecification, includeRawChunks, tools, addStream, closeStream, baseStream
TOOL search_tasks ARGS: {} -> 2 found
--- API START V7 (2026-04-27T16:45:23.259Z) ---
CORE MESSAGES: [
  {
    "role": "user"
  }
]
--- API START V7 (2026-04-27T16:46:06.743Z) ---
CORE MESSAGES: [
  {
    "role": "user",
    "content": "_Di chuyển task Khởi tạo hệ thống AI sang cột Done_"
  }
]
TOOL search_tasks ARGS: {} -> 2 found
--- API START V7 (2026-04-27T16:46:58.939Z) ---
CORE MESSAGES: [
  {
    "role": "user",
    "content": "_Di chuyển task Khởi tạo hệ thống AI sang cột Done_"
  }
]
ERROR: result.toDataStreamResponse is not a function
TOOL search_tasks ARGS: {} -> 2 found
--- API START V7 (2026-04-27T16:47:38.801Z) ---
CORE MESSAGES: [
  {
    "role": "user",
    "content": "_Di chuyển task Khởi tạo hệ thống AI sang cột Done_"
  }
]
TOOL search_tasks ARGS: {} -> 2 found
--- API START V7 (2026-04-27T16:48:47.961Z) ---
CORE MESSAGES: [
  {
    "role": "user",
    "content": "Di chuyển task Khởi tạo sang Done"
  }
]
ERROR: result.toAIStreamResponse is not a function
TOOL search_tasks ARGS: {} -> 2 found
